
*** Running vivado
    with args -log mips.vds -m64 -product Vivado -mode batch -messageDb vivado.pb -notrace -source mips.tcl


****** Vivado v2018.1 (64-bit)
  **** SW Build 2188600 on Wed Apr  4 18:39:19 MDT 2018
  **** IP Build 2185939 on Wed Apr  4 20:55:05 MDT 2018
    ** Copyright 1986-2018 Xilinx, Inc. All Rights Reserved.

source mips.tcl -notrace
Command: synth_design -top mips -part xc7a12ticsg325-1L
Starting synth_design
Attempting to get a license for feature 'Synthesis' and/or device 'xc7a12ti'
INFO: [Common 17-349] Got license for feature 'Synthesis' and/or device 'xc7a12ti'
INFO: Launching helper process for spawning children vivado processes
INFO: Helper process launched with PID 4361 
---------------------------------------------------------------------------------
Starting Synthesize : Time (s): cpu = 00:00:18 ; elapsed = 00:00:47 . Memory (MB): peak = 1260.617 ; gain = 75.914 ; free physical = 102 ; free virtual = 6127
---------------------------------------------------------------------------------
INFO: [Synth 8-6157] synthesizing module 'mips' [/home/hejunwen/Single_Cycle/Single_Cycle.srcs/sources_1/new/mips.v:2]
INFO: [Synth 8-6157] synthesizing module 'im_4k' [/home/hejunwen/Single_Cycle/Single_Cycle.srcs/sources_1/new/im.v:2]

Warning: Trying to implement RAM in registers. Block RAM or DRAM implementation is not possible for one or more of the following reasons :
	1: Unable to determine number of words or word size in RAM. 
	2: No valid read/write found for RAM. 
RAM dissolved into registers
WARNING: [Synth 8-3848] Net im in module/entity im_4k does not have driver. [/home/hejunwen/Single_Cycle/Single_Cycle.srcs/sources_1/new/im.v:6]
WARNING: [Synth 8-3848] Net im in module/entity im_4k does not have driver. [/home/hejunwen/Single_Cycle/Single_Cycle.srcs/sources_1/new/im.v:6]
WARNING: [Synth 8-3848] Net im in module/entity im_4k does not have driver. [/home/hejunwen/Single_Cycle/Single_Cycle.srcs/sources_1/new/im.v:6]
WARNING: [Synth 8-3848] Net im in module/entity im_4k does not have driver. [/home/hejunwen/Single_Cycle/Single_Cycle.srcs/sources_1/new/im.v:6]
WARNING: [Synth 8-3848] Net im in module/entity im_4k does not have driver. [/home/hejunwen/Single_Cycle/Single_Cycle.srcs/sources_1/new/im.v:6]
WARNING: [Synth 8-3848] Net im in module/entity im_4k does not have driver. [/home/hejunwen/Single_Cycle/Single_Cycle.srcs/sources_1/new/im.v:6]
WARNING: [Synth 8-3848] Net im in module/entity im_4k does not have driver. [/home/hejunwen/Single_Cycle/Single_Cycle.srcs/sources_1/new/im.v:6]
WARNING: [Synth 8-3848] Net im in module/entity im_4k does not have driver. [/home/hejunwen/Single_Cycle/Single_Cycle.srcs/sources_1/new/im.v:6]
WARNING: [Synth 8-3848] Net im in module/entity im_4k does not have driver. [/home/hejunwen/Single_Cycle/Single_Cycle.srcs/sources_1/new/im.v:6]
WARNING: [Synth 8-3848] Net im in module/entity im_4k does not have driver. [/home/hejunwen/Single_Cycle/Single_Cycle.srcs/sources_1/new/im.v:6]
WARNING: [Synth 8-3848] Net im in module/entity im_4k does not have driver. [/home/hejunwen/Single_Cycle/Single_Cycle.srcs/sources_1/new/im.v:6]
WARNING: [Synth 8-3848] Net im in module/entity im_4k does not have driver. [/home/hejunwen/Single_Cycle/Single_Cycle.srcs/sources_1/new/im.v:6]
WARNING: [Synth 8-3848] Net im in module/entity im_4k does not have driver. [/home/hejunwen/Single_Cycle/Single_Cycle.srcs/sources_1/new/im.v:6]
WARNING: [Synth 8-3848] Net im in module/entity im_4k does not have driver. [/home/hejunwen/Single_Cycle/Single_Cycle.srcs/sources_1/new/im.v:6]
WARNING: [Synth 8-3848] Net im in module/entity im_4k does not have driver. [/home/hejunwen/Single_Cycle/Single_Cycle.srcs/sources_1/new/im.v:6]
WARNING: [Synth 8-3848] Net im in module/entity im_4k does not have driver. [/home/hejunwen/Single_Cycle/Single_Cycle.srcs/sources_1/new/im.v:6]
WARNING: [Synth 8-3848] Net im in module/entity im_4k does not have driver. [/home/hejunwen/Single_Cycle/Single_Cycle.srcs/sources_1/new/im.v:6]
WARNING: [Synth 8-3848] Net im in module/entity im_4k does not have driver. [/home/hejunwen/Single_Cycle/Single_Cycle.srcs/sources_1/new/im.v:6]
WARNING: [Synth 8-3848] Net im in module/entity im_4k does not have driver. [/home/hejunwen/Single_Cycle/Single_Cycle.srcs/sources_1/new/im.v:6]
WARNING: [Synth 8-3848] Net im in module/entity im_4k does not have driver. [/home/hejunwen/Single_Cycle/Single_Cycle.srcs/sources_1/new/im.v:6]
WARNING: [Synth 8-3848] Net im in module/entity im_4k does not have driver. [/home/hejunwen/Single_Cycle/Single_Cycle.srcs/sources_1/new/im.v:6]
WARNING: [Synth 8-3848] Net im in module/entity im_4k does not have driver. [/home/hejunwen/Single_Cycle/Single_Cycle.srcs/sources_1/new/im.v:6]
WARNING: [Synth 8-3848] Net im in module/entity im_4k does not have driver. [/home/hejunwen/Single_Cycle/Single_Cycle.srcs/sources_1/new/im.v:6]
WARNING: [Synth 8-3848] Net im in module/entity im_4k does not have driver. [/home/hejunwen/Single_Cycle/Single_Cycle.srcs/sources_1/new/im.v:6]
WARNING: [Synth 8-3848] Net im in module/entity im_4k does not have driver. [/home/hejunwen/Single_Cycle/Single_Cycle.srcs/sources_1/new/im.v:6]
WARNING: [Synth 8-3848] Net im in module/entity im_4k does not have driver. [/home/hejunwen/Single_Cycle/Single_Cycle.srcs/sources_1/new/im.v:6]
WARNING: [Synth 8-3848] Net im in module/entity im_4k does not have driver. [/home/hejunwen/Single_Cycle/Single_Cycle.srcs/sources_1/new/im.v:6]
WARNING: [Synth 8-3848] Net im in module/entity im_4k does not have driver. [/home/hejunwen/Single_Cycle/Single_Cycle.srcs/sources_1/new/im.v:6]
WARNING: [Synth 8-3848] Net im in module/entity im_4k does not have driver. [/home/hejunwen/Single_Cycle/Single_Cycle.srcs/sources_1/new/im.v:6]
WARNING: [Synth 8-3848] Net im in module/entity im_4k does not have driver. [/home/hejunwen/Single_Cycle/Single_Cycle.srcs/sources_1/new/im.v:6]
WARNING: [Synth 8-3848] Net im in module/entity im_4k does not have driver. [/home/hejunwen/Single_Cycle/Single_Cycle.srcs/sources_1/new/im.v:6]
WARNING: [Synth 8-3848] Net im in module/entity im_4k does not have driver. [/home/hejunwen/Single_Cycle/Single_Cycle.srcs/sources_1/new/im.v:6]
WARNING: [Synth 8-3848] Net im in module/entity im_4k does not have driver. [/home/hejunwen/Single_Cycle/Single_Cycle.srcs/sources_1/new/im.v:6]
WARNING: [Synth 8-3848] Net im in module/entity im_4k does not have driver. [/home/hejunwen/Single_Cycle/Single_Cycle.srcs/sources_1/new/im.v:6]
WARNING: [Synth 8-3848] Net im in module/entity im_4k does not have driver. [/home/hejunwen/Single_Cycle/Single_Cycle.srcs/sources_1/new/im.v:6]
WARNING: [Synth 8-3848] Net im in module/entity im_4k does not have driver. [/home/hejunwen/Single_Cycle/Single_Cycle.srcs/sources_1/new/im.v:6]
WARNING: [Synth 8-3848] Net im in module/entity im_4k does not have driver. [/home/hejunwen/Single_Cycle/Single_Cycle.srcs/sources_1/new/im.v:6]
WARNING: [Synth 8-3848] Net im in module/entity im_4k does not have driver. [/home/hejunwen/Single_Cycle/Single_Cycle.srcs/sources_1/new/im.v:6]
WARNING: [Synth 8-3848] Net im in module/entity im_4k does not have driver. [/home/hejunwen/Single_Cycle/Single_Cycle.srcs/sources_1/new/im.v:6]
WARNING: [Synth 8-3848] Net im in module/entity im_4k does not have driver. [/home/hejunwen/Single_Cycle/Single_Cycle.srcs/sources_1/new/im.v:6]
WARNING: [Synth 8-3848] Net im in module/entity im_4k does not have driver. [/home/hejunwen/Single_Cycle/Single_Cycle.srcs/sources_1/new/im.v:6]
WARNING: [Synth 8-3848] Net im in module/entity im_4k does not have driver. [/home/hejunwen/Single_Cycle/Single_Cycle.srcs/sources_1/new/im.v:6]
WARNING: [Synth 8-3848] Net im in module/entity im_4k does not have driver. [/home/hejunwen/Single_Cycle/Single_Cycle.srcs/sources_1/new/im.v:6]
WARNING: [Synth 8-3848] Net im in module/entity im_4k does not have driver. [/home/hejunwen/Single_Cycle/Single_Cycle.srcs/sources_1/new/im.v:6]
WARNING: [Synth 8-3848] Net im in module/entity im_4k does not have driver. [/home/hejunwen/Single_Cycle/Single_Cycle.srcs/sources_1/new/im.v:6]
WARNING: [Synth 8-3848] Net im in module/entity im_4k does not have driver. [/home/hejunwen/Single_Cycle/Single_Cycle.srcs/sources_1/new/im.v:6]
WARNING: [Synth 8-3848] Net im in module/entity im_4k does not have driver. [/home/hejunwen/Single_Cycle/Single_Cycle.srcs/sources_1/new/im.v:6]
WARNING: [Synth 8-3848] Net im in module/entity im_4k does not have driver. [/home/hejunwen/Single_Cycle/Single_Cycle.srcs/sources_1/new/im.v:6]
WARNING: [Synth 8-3848] Net im in module/entity im_4k does not have driver. [/home/hejunwen/Single_Cycle/Single_Cycle.srcs/sources_1/new/im.v:6]
WARNING: [Synth 8-3848] Net im in module/entity im_4k does not have driver. [/home/hejunwen/Single_Cycle/Single_Cycle.srcs/sources_1/new/im.v:6]
WARNING: [Synth 8-3848] Net im in module/entity im_4k does not have driver. [/home/hejunwen/Single_Cycle/Single_Cycle.srcs/sources_1/new/im.v:6]
WARNING: [Synth 8-3848] Net im in module/entity im_4k does not have driver. [/home/hejunwen/Single_Cycle/Single_Cycle.srcs/sources_1/new/im.v:6]
WARNING: [Synth 8-3848] Net im in module/entity im_4k does not have driver. [/home/hejunwen/Single_Cycle/Single_Cycle.srcs/sources_1/new/im.v:6]
WARNING: [Synth 8-3848] Net im in module/entity im_4k does not have driver. [/home/hejunwen/Single_Cycle/Single_Cycle.srcs/sources_1/new/im.v:6]
WARNING: [Synth 8-3848] Net im in module/entity im_4k does not have driver. [/home/hejunwen/Single_Cycle/Single_Cycle.srcs/sources_1/new/im.v:6]
WARNING: [Synth 8-3848] Net im in module/entity im_4k does not have driver. [/home/hejunwen/Single_Cycle/Single_Cycle.srcs/sources_1/new/im.v:6]
WARNING: [Synth 8-3848] Net im in module/entity im_4k does not have driver. [/home/hejunwen/Single_Cycle/Single_Cycle.srcs/sources_1/new/im.v:6]
WARNING: [Synth 8-3848] Net im in module/entity im_4k does not have driver. [/home/hejunwen/Single_Cycle/Single_Cycle.srcs/sources_1/new/im.v:6]
WARNING: [Synth 8-3848] Net im in module/entity im_4k does not have driver. [/home/hejunwen/Single_Cycle/Single_Cycle.srcs/sources_1/new/im.v:6]
WARNING: [Synth 8-3848] Net im in module/entity im_4k does not have driver. [/home/hejunwen/Single_Cycle/Single_Cycle.srcs/sources_1/new/im.v:6]
WARNING: [Synth 8-3848] Net im in module/entity im_4k does not have driver. [/home/hejunwen/Single_Cycle/Single_Cycle.srcs/sources_1/new/im.v:6]
WARNING: [Synth 8-3848] Net im in module/entity im_4k does not have driver. [/home/hejunwen/Single_Cycle/Single_Cycle.srcs/sources_1/new/im.v:6]
WARNING: [Synth 8-3848] Net im in module/entity im_4k does not have driver. [/home/hejunwen/Single_Cycle/Single_Cycle.srcs/sources_1/new/im.v:6]
WARNING: [Synth 8-3848] Net im in module/entity im_4k does not have driver. [/home/hejunwen/Single_Cycle/Single_Cycle.srcs/sources_1/new/im.v:6]
WARNING: [Synth 8-3848] Net im in module/entity im_4k does not have driver. [/home/hejunwen/Single_Cycle/Single_Cycle.srcs/sources_1/new/im.v:6]
WARNING: [Synth 8-3848] Net im in module/entity im_4k does not have driver. [/home/hejunwen/Single_Cycle/Single_Cycle.srcs/sources_1/new/im.v:6]
WARNING: [Synth 8-3848] Net im in module/entity im_4k does not have driver. [/home/hejunwen/Single_Cycle/Single_Cycle.srcs/sources_1/new/im.v:6]
WARNING: [Synth 8-3848] Net im in module/entity im_4k does not have driver. [/home/hejunwen/Single_Cycle/Single_Cycle.srcs/sources_1/new/im.v:6]
WARNING: [Synth 8-3848] Net im in module/entity im_4k does not have driver. [/home/hejunwen/Single_Cycle/Single_Cycle.srcs/sources_1/new/im.v:6]
WARNING: [Synth 8-3848] Net im in module/entity im_4k does not have driver. [/home/hejunwen/Single_Cycle/Single_Cycle.srcs/sources_1/new/im.v:6]
WARNING: [Synth 8-3848] Net im in module/entity im_4k does not have driver. [/home/hejunwen/Single_Cycle/Single_Cycle.srcs/sources_1/new/im.v:6]
WARNING: [Synth 8-3848] Net im in module/entity im_4k does not have driver. [/home/hejunwen/Single_Cycle/Single_Cycle.srcs/sources_1/new/im.v:6]
WARNING: [Synth 8-3848] Net im in module/entity im_4k does not have driver. [/home/hejunwen/Single_Cycle/Single_Cycle.srcs/sources_1/new/im.v:6]
WARNING: [Synth 8-3848] Net im in module/entity im_4k does not have driver. [/home/hejunwen/Single_Cycle/Single_Cycle.srcs/sources_1/new/im.v:6]
WARNING: [Synth 8-3848] Net im in module/entity im_4k does not have driver. [/home/hejunwen/Single_Cycle/Single_Cycle.srcs/sources_1/new/im.v:6]
WARNING: [Synth 8-3848] Net im in module/entity im_4k does not have driver. [/home/hejunwen/Single_Cycle/Single_Cycle.srcs/sources_1/new/im.v:6]
WARNING: [Synth 8-3848] Net im in module/entity im_4k does not have driver. [/home/hejunwen/Single_Cycle/Single_Cycle.srcs/sources_1/new/im.v:6]
WARNING: [Synth 8-3848] Net im in module/entity im_4k does not have driver. [/home/hejunwen/Single_Cycle/Single_Cycle.srcs/sources_1/new/im.v:6]
WARNING: [Synth 8-3848] Net im in module/entity im_4k does not have driver. [/home/hejunwen/Single_Cycle/Single_Cycle.srcs/sources_1/new/im.v:6]
WARNING: [Synth 8-3848] Net im in module/entity im_4k does not have driver. [/home/hejunwen/Single_Cycle/Single_Cycle.srcs/sources_1/new/im.v:6]
WARNING: [Synth 8-3848] Net im in module/entity im_4k does not have driver. [/home/hejunwen/Single_Cycle/Single_Cycle.srcs/sources_1/new/im.v:6]
WARNING: [Synth 8-3848] Net im in module/entity im_4k does not have driver. [/home/hejunwen/Single_Cycle/Single_Cycle.srcs/sources_1/new/im.v:6]
WARNING: [Synth 8-3848] Net im in module/entity im_4k does not have driver. [/home/hejunwen/Single_Cycle/Single_Cycle.srcs/sources_1/new/im.v:6]
WARNING: [Synth 8-3848] Net im in module/entity im_4k does not have driver. [/home/hejunwen/Single_Cycle/Single_Cycle.srcs/sources_1/new/im.v:6]
WARNING: [Synth 8-3848] Net im in module/entity im_4k does not have driver. [/home/hejunwen/Single_Cycle/Single_Cycle.srcs/sources_1/new/im.v:6]
WARNING: [Synth 8-3848] Net im in module/entity im_4k does not have driver. [/home/hejunwen/Single_Cycle/Single_Cycle.srcs/sources_1/new/im.v:6]
WARNING: [Synth 8-3848] Net im in module/entity im_4k does not have driver. [/home/hejunwen/Single_Cycle/Single_Cycle.srcs/sources_1/new/im.v:6]
WARNING: [Synth 8-3848] Net im in module/entity im_4k does not have driver. [/home/hejunwen/Single_Cycle/Single_Cycle.srcs/sources_1/new/im.v:6]
WARNING: [Synth 8-3848] Net im in module/entity im_4k does not have driver. [/home/hejunwen/Single_Cycle/Single_Cycle.srcs/sources_1/new/im.v:6]
WARNING: [Synth 8-3848] Net im in module/entity im_4k does not have driver. [/home/hejunwen/Single_Cycle/Single_Cycle.srcs/sources_1/new/im.v:6]
WARNING: [Synth 8-3848] Net im in module/entity im_4k does not have driver. [/home/hejunwen/Single_Cycle/Single_Cycle.srcs/sources_1/new/im.v:6]
WARNING: [Synth 8-3848] Net im in module/entity im_4k does not have driver. [/home/hejunwen/Single_Cycle/Single_Cycle.srcs/sources_1/new/im.v:6]
WARNING: [Synth 8-3848] Net im in module/entity im_4k does not have driver. [/home/hejunwen/Single_Cycle/Single_Cycle.srcs/sources_1/new/im.v:6]
WARNING: [Synth 8-3848] Net im in module/entity im_4k does not have driver. [/home/hejunwen/Single_Cycle/Single_Cycle.srcs/sources_1/new/im.v:6]
WARNING: [Synth 8-3848] Net im in module/entity im_4k does not have driver. [/home/hejunwen/Single_Cycle/Single_Cycle.srcs/sources_1/new/im.v:6]
WARNING: [Synth 8-3848] Net im in module/entity im_4k does not have driver. [/home/hejunwen/Single_Cycle/Single_Cycle.srcs/sources_1/new/im.v:6]
WARNING: [Synth 8-3848] Net im in module/entity im_4k does not have driver. [/home/hejunwen/Single_Cycle/Single_Cycle.srcs/sources_1/new/im.v:6]
WARNING: [Synth 8-3848] Net im in module/entity im_4k does not have driver. [/home/hejunwen/Single_Cycle/Single_Cycle.srcs/sources_1/new/im.v:6]
WARNING: [Synth 8-3848] Net im in module/entity im_4k does not have driver. [/home/hejunwen/Single_Cycle/Single_Cycle.srcs/sources_1/new/im.v:6]
WARNING: [Synth 8-3848] Net im in module/entity im_4k does not have driver. [/home/hejunwen/Single_Cycle/Single_Cycle.srcs/sources_1/new/im.v:6]
INFO: [Common 17-14] Message 'Synth 8-3848' appears 100 times and further instances of the messages will be disabled. Use the Tcl command set_msg_config to change the current settings.
INFO: [Synth 8-6155] done synthesizing module 'im_4k' (1#1) [/home/hejunwen/Single_Cycle/Single_Cycle.srcs/sources_1/new/im.v:2]
INFO: [Synth 8-6157] synthesizing module 'dm_4k' [/home/hejunwen/Single_Cycle/Single_Cycle.srcs/sources_1/new/dm.v:2]
INFO: [Synth 8-6155] done synthesizing module 'dm_4k' (2#1) [/home/hejunwen/Single_Cycle/Single_Cycle.srcs/sources_1/new/dm.v:2]
INFO: [Synth 8-6157] synthesizing module 'gpr' [/home/hejunwen/Single_Cycle/Single_Cycle.srcs/sources_1/new/gpr.v:23]
WARNING: [Synth 8-6104] Input port 'dst' has an internal driver [/home/hejunwen/Single_Cycle/Single_Cycle.srcs/sources_1/new/gpr.v:39]
INFO: [Synth 8-6155] done synthesizing module 'gpr' (3#1) [/home/hejunwen/Single_Cycle/Single_Cycle.srcs/sources_1/new/gpr.v:23]
INFO: [Synth 8-6157] synthesizing module 'controller' [/home/hejunwen/Single_Cycle/Single_Cycle.srcs/sources_1/new/controller.v:23]
INFO: [Synth 8-6155] done synthesizing module 'controller' (4#1) [/home/hejunwen/Single_Cycle/Single_Cycle.srcs/sources_1/new/controller.v:23]
INFO: [Synth 8-6157] synthesizing module 'pc' [/home/hejunwen/Single_Cycle/Single_Cycle.srcs/sources_1/new/pc.v:2]
INFO: [Synth 8-6155] done synthesizing module 'pc' (5#1) [/home/hejunwen/Single_Cycle/Single_Cycle.srcs/sources_1/new/pc.v:2]
INFO: [Synth 8-6157] synthesizing module 'npc' [/home/hejunwen/Single_Cycle/Single_Cycle.srcs/sources_1/new/npc.v:2]
INFO: [Synth 8-6155] done synthesizing module 'npc' (6#1) [/home/hejunwen/Single_Cycle/Single_Cycle.srcs/sources_1/new/npc.v:2]
INFO: [Synth 8-6157] synthesizing module 'mux' [/home/hejunwen/Single_Cycle/Single_Cycle.srcs/sources_1/new/mux.v:2]
INFO: [Synth 8-6155] done synthesizing module 'mux' (7#1) [/home/hejunwen/Single_Cycle/Single_Cycle.srcs/sources_1/new/mux.v:2]
INFO: [Synth 8-6157] synthesizing module 'alu' [/home/hejunwen/Single_Cycle/Single_Cycle.srcs/sources_1/new/alu.v:2]
INFO: [Synth 8-6155] done synthesizing module 'alu' (8#1) [/home/hejunwen/Single_Cycle/Single_Cycle.srcs/sources_1/new/alu.v:2]
INFO: [Synth 8-6157] synthesizing module 'ext' [/home/hejunwen/Single_Cycle/Single_Cycle.srcs/sources_1/new/ext.v:2]
INFO: [Synth 8-6155] done synthesizing module 'ext' (9#1) [/home/hejunwen/Single_Cycle/Single_Cycle.srcs/sources_1/new/ext.v:2]
INFO: [Synth 8-6155] done synthesizing module 'mips' (10#1) [/home/hejunwen/Single_Cycle/Single_Cycle.srcs/sources_1/new/mips.v:2]
WARNING: [Synth 8-3331] design controller has unconnected port funct[5]
WARNING: [Synth 8-3331] design controller has unconnected port funct[4]
WARNING: [Synth 8-3331] design controller has unconnected port funct[3]
WARNING: [Synth 8-3331] design controller has unconnected port funct[2]
WARNING: [Synth 8-3331] design controller has unconnected port funct[1]
WARNING: [Synth 8-3331] design controller has unconnected port funct[0]
---------------------------------------------------------------------------------
Finished Synthesize : Time (s): cpu = 00:00:21 ; elapsed = 00:00:56 . Memory (MB): peak = 1312.742 ; gain = 128.039 ; free physical = 158 ; free virtual = 6126
---------------------------------------------------------------------------------
---------------------------------------------------------------------------------
Finished Constraint Validation : Time (s): cpu = 00:00:21 ; elapsed = 00:00:57 . Memory (MB): peak = 1312.742 ; gain = 128.039 ; free physical = 158 ; free virtual = 6127
---------------------------------------------------------------------------------
---------------------------------------------------------------------------------
Start Loading Part and Timing Information
---------------------------------------------------------------------------------
Loading part: xc7a12ticsg325-1L
---------------------------------------------------------------------------------
Finished Loading Part and Timing Information : Time (s): cpu = 00:00:21 ; elapsed = 00:00:57 . Memory (MB): peak = 1320.746 ; gain = 136.043 ; free physical = 157 ; free virtual = 6126
---------------------------------------------------------------------------------
INFO: [Device 21-403] Loading part xc7a12ticsg325-1L
INFO: [Synth 8-5546] ROM "add" won't be mapped to RAM because it is too sparse
INFO: [Synth 8-5546] ROM "ori" won't be mapped to RAM because it is too sparse
---------------------------------------------------------------------------------
Finished RTL Optimization Phase 2 : Time (s): cpu = 00:00:23 ; elapsed = 00:01:03 . Memory (MB): peak = 1328.754 ; gain = 144.051 ; free physical = 118 ; free virtual = 6089
---------------------------------------------------------------------------------

Report RTL Partitions: 
+-+--------------+------------+----------+
| |RTL Partition |Replication |Instances |
+-+--------------+------------+----------+
+-+--------------+------------+----------+
No constraint files found.
---------------------------------------------------------------------------------
Start RTL Component Statistics 
---------------------------------------------------------------------------------
Detailed RTL Component Info : 
+---Adders : 
	   2 Input     32 Bit       Adders := 2     
+---Muxes : 
	   2 Input     32 Bit        Muxes := 5     
	   2 Input      5 Bit        Muxes := 1     
	   2 Input      2 Bit        Muxes := 4     
	   2 Input      1 Bit        Muxes := 2     
---------------------------------------------------------------------------------
Finished RTL Component Statistics 
---------------------------------------------------------------------------------
---------------------------------------------------------------------------------
Start RTL Hierarchical Component Statistics 
---------------------------------------------------------------------------------
Hierarchical RTL Component report 
Module gpr 
Detailed RTL Component Info : 
+---Muxes : 
	   2 Input     32 Bit        Muxes := 2     
	   2 Input      5 Bit        Muxes := 1     
Module controller 
Detailed RTL Component Info : 
+---Muxes : 
	   2 Input      2 Bit        Muxes := 4     
	   2 Input      1 Bit        Muxes := 2     
Module npc 
Detailed RTL Component Info : 
+---Adders : 
	   2 Input     32 Bit       Adders := 1     
Module mux 
Detailed RTL Component Info : 
+---Muxes : 
	   2 Input     32 Bit        Muxes := 1     
Module alu 
Detailed RTL Component Info : 
+---Adders : 
	   2 Input     32 Bit       Adders := 1     
+---Muxes : 
	   2 Input     32 Bit        Muxes := 1     
Module ext 
Detailed RTL Component Info : 
+---Muxes : 
	   2 Input     32 Bit        Muxes := 1     
---------------------------------------------------------------------------------
Finished RTL Hierarchical Component Statistics
---------------------------------------------------------------------------------
---------------------------------------------------------------------------------
Start Part Resource Summary
---------------------------------------------------------------------------------
Part Resources:
DSPs: 40 (col length:40)
BRAMs: 40 (col length: RAMB18 40 RAMB36 20)
---------------------------------------------------------------------------------
Finished Part Resource Summary
---------------------------------------------------------------------------------
No constraint files found.
---------------------------------------------------------------------------------
Start Cross Boundary and Area Optimization
---------------------------------------------------------------------------------
Warning: Parallel synthesis criteria is not met 
WARNING: [Synth 8-6014] Unused sequential element U_dm_4k/dm_reg was removed. 
WARNING: [Synth 8-3332] Sequential element (U_pc/pc_reg[31]) is unused and will be removed from module mips.
WARNING: [Synth 8-3332] Sequential element (U_pc/pc_reg[30]) is unused and will be removed from module mips.
WARNING: [Synth 8-3332] Sequential element (U_pc/pc_reg[29]) is unused and will be removed from module mips.
WARNING: [Synth 8-3332] Sequential element (U_pc/pc_reg[28]) is unused and will be removed from module mips.
WARNING: [Synth 8-3332] Sequential element (U_pc/pc_reg[27]) is unused and will be removed from module mips.
WARNING: [Synth 8-3332] Sequential element (U_pc/pc_reg[26]) is unused and will be removed from module mips.
WARNING: [Synth 8-3332] Sequential element (U_pc/pc_reg[25]) is unused and will be removed from module mips.
WARNING: [Synth 8-3332] Sequential element (U_pc/pc_reg[24]) is unused and will be removed from module mips.
WARNING: [Synth 8-3332] Sequential element (U_pc/pc_reg[23]) is unused and will be removed from module mips.
WARNING: [Synth 8-3332] Sequential element (U_pc/pc_reg[22]) is unused and will be removed from module mips.
WARNING: [Synth 8-3332] Sequential element (U_pc/pc_reg[21]) is unused and will be removed from module mips.
WARNING: [Synth 8-3332] Sequential element (U_pc/pc_reg[20]) is unused and will be removed from module mips.
WARNING: [Synth 8-3332] Sequential element (U_pc/pc_reg[19]) is unused and will be removed from module mips.
WARNING: [Synth 8-3332] Sequential element (U_pc/pc_reg[18]) is unused and will be removed from module mips.
WARNING: [Synth 8-3332] Sequential element (U_pc/pc_reg[17]) is unused and will be removed from module mips.
WARNING: [Synth 8-3332] Sequential element (U_pc/pc_reg[16]) is unused and will be removed from module mips.
WARNING: [Synth 8-3332] Sequential element (U_pc/pc_reg[15]) is unused and will be removed from module mips.
WARNING: [Synth 8-3332] Sequential element (U_pc/pc_reg[14]) is unused and will be removed from module mips.
WARNING: [Synth 8-3332] Sequential element (U_pc/pc_reg[13]) is unused and will be removed from module mips.
WARNING: [Synth 8-3332] Sequential element (U_pc/pc_reg[12]) is unused and will be removed from module mips.
WARNING: [Synth 8-3332] Sequential element (U_pc/pc_reg[11]) is unused and will be removed from module mips.
WARNING: [Synth 8-3332] Sequential element (U_pc/pc_reg[10]) is unused and will be removed from module mips.
WARNING: [Synth 8-3332] Sequential element (U_pc/pc_reg[9]) is unused and will be removed from module mips.
WARNING: [Synth 8-3332] Sequential element (U_pc/pc_reg[8]) is unused and will be removed from module mips.
WARNING: [Synth 8-3332] Sequential element (U_pc/pc_reg[7]) is unused and will be removed from module mips.
WARNING: [Synth 8-3332] Sequential element (U_pc/pc_reg[6]) is unused and will be removed from module mips.
WARNING: [Synth 8-3332] Sequential element (U_pc/pc_reg[5]) is unused and will be removed from module mips.
WARNING: [Synth 8-3332] Sequential element (U_pc/pc_reg[4]) is unused and will be removed from module mips.
WARNING: [Synth 8-3332] Sequential element (U_pc/pc_reg[3]) is unused and will be removed from module mips.
WARNING: [Synth 8-3332] Sequential element (U_pc/pc_reg[2]) is unused and will be removed from module mips.
WARNING: [Synth 8-3332] Sequential element (U_pc/pc_reg[1]) is unused and will be removed from module mips.
WARNING: [Synth 8-3332] Sequential element (U_pc/pc_reg[0]) is unused and will be removed from module mips.
WARNING: [Synth 8-3332] Sequential element (U_pc/pc_reg[31]__0) is unused and will be removed from module mips.
WARNING: [Synth 8-3332] Sequential element (U_pc/pc_reg[30]__0) is unused and will be removed from module mips.
WARNING: [Synth 8-3332] Sequential element (U_pc/pc_reg[29]__0) is unused and will be removed from module mips.
WARNING: [Synth 8-3332] Sequential element (U_pc/pc_reg[28]__0) is unused and will be removed from module mips.
WARNING: [Synth 8-3332] Sequential element (U_pc/pc_reg[27]__0) is unused and will be removed from module mips.
WARNING: [Synth 8-3332] Sequential element (U_pc/pc_reg[26]__0) is unused and will be removed from module mips.
WARNING: [Synth 8-3332] Sequential element (U_pc/pc_reg[25]__0) is unused and will be removed from module mips.
WARNING: [Synth 8-3332] Sequential element (U_pc/pc_reg[24]__0) is unused and will be removed from module mips.
WARNING: [Synth 8-3332] Sequential element (U_pc/pc_reg[23]__0) is unused and will be removed from module mips.
WARNING: [Synth 8-3332] Sequential element (U_pc/pc_reg[22]__0) is unused and will be removed from module mips.
WARNING: [Synth 8-3332] Sequential element (U_pc/pc_reg[21]__0) is unused and will be removed from module mips.
WARNING: [Synth 8-3332] Sequential element (U_pc/pc_reg[20]__0) is unused and will be removed from module mips.
WARNING: [Synth 8-3332] Sequential element (U_pc/pc_reg[19]__0) is unused and will be removed from module mips.
WARNING: [Synth 8-3332] Sequential element (U_pc/pc_reg[18]__0) is unused and will be removed from module mips.
WARNING: [Synth 8-3332] Sequential element (U_pc/pc_reg[17]__0) is unused and will be removed from module mips.
WARNING: [Synth 8-3332] Sequential element (U_pc/pc_reg[16]__0) is unused and will be removed from module mips.
WARNING: [Synth 8-3332] Sequential element (U_pc/pc_reg[15]__0) is unused and will be removed from module mips.
WARNING: [Synth 8-3332] Sequential element (U_pc/pc_reg[14]__0) is unused and will be removed from module mips.
WARNING: [Synth 8-3332] Sequential element (U_pc/pc_reg[13]__0) is unused and will be removed from module mips.
WARNING: [Synth 8-3332] Sequential element (U_pc/pc_reg[12]__0) is unused and will be removed from module mips.
WARNING: [Synth 8-3332] Sequential element (U_pc/pc_reg[11]__0) is unused and will be removed from module mips.
WARNING: [Synth 8-3332] Sequential element (U_pc/pc_reg[10]__0) is unused and will be removed from module mips.
WARNING: [Synth 8-3332] Sequential element (U_pc/pc_reg[9]__0) is unused and will be removed from module mips.
WARNING: [Synth 8-3332] Sequential element (U_pc/pc_reg[8]__0) is unused and will be removed from module mips.
WARNING: [Synth 8-3332] Sequential element (U_pc/pc_reg[7]__0) is unused and will be removed from module mips.
WARNING: [Synth 8-3332] Sequential element (U_pc/pc_reg[6]__0) is unused and will be removed from module mips.
WARNING: [Synth 8-3332] Sequential element (U_pc/pc_reg[5]__0) is unused and will be removed from module mips.
WARNING: [Synth 8-3332] Sequential element (U_pc/pc_reg[4]__0) is unused and will be removed from module mips.
WARNING: [Synth 8-3332] Sequential element (U_pc/pc_reg[3]__0) is unused and will be removed from module mips.
WARNING: [Synth 8-3332] Sequential element (U_pc/pc_reg[2]__0) is unused and will be removed from module mips.
WARNING: [Synth 8-3332] Sequential element (U_pc/pc_reg[1]__0) is unused and will be removed from module mips.
WARNING: [Synth 8-3332] Sequential element (U_pc/pc_reg[0]__0) is unused and will be removed from module mips.
---------------------------------------------------------------------------------
Finished Cross Boundary and Area Optimization : Time (s): cpu = 00:00:45 ; elapsed = 00:03:05 . Memory (MB): peak = 1477.840 ; gain = 293.137 ; free physical = 155 ; free virtual = 5822
---------------------------------------------------------------------------------

Report RTL Partitions: 
+-+--------------+------------+----------+
| |RTL Partition |Replication |Instances |
+-+--------------+------------+----------+
+-+--------------+------------+----------+
No constraint files found.
---------------------------------------------------------------------------------
Start Timing Optimization
---------------------------------------------------------------------------------
---------------------------------------------------------------------------------
Finished Timing Optimization : Time (s): cpu = 00:00:45 ; elapsed = 00:03:06 . Memory (MB): peak = 1477.840 ; gain = 293.137 ; free physical = 154 ; free virtual = 5820
---------------------------------------------------------------------------------

Report RTL Partitions: 
+-+--------------+------------+----------+
| |RTL Partition |Replication |Instances |
+-+--------------+------------+----------+
+-+--------------+------------+----------+
---------------------------------------------------------------------------------
Start Technology Mapping
---------------------------------------------------------------------------------
---------------------------------------------------------------------------------
Finished Technology Mapping : Time (s): cpu = 00:00:45 ; elapsed = 00:03:06 . Memory (MB): peak = 1477.840 ; gain = 293.137 ; free physical = 154 ; free virtual = 5820
---------------------------------------------------------------------------------

Report RTL Partitions: 
+-+--------------+------------+----------+
| |RTL Partition |Replication |Instances |
+-+--------------+------------+----------+
+-+--------------+------------+----------+
---------------------------------------------------------------------------------
Start IO Insertion
---------------------------------------------------------------------------------
---------------------------------------------------------------------------------
Start Flattening Before IO Insertion
---------------------------------------------------------------------------------
---------------------------------------------------------------------------------
Finished Flattening Before IO Insertion
---------------------------------------------------------------------------------
---------------------------------------------------------------------------------
Start Final Netlist Cleanup
---------------------------------------------------------------------------------
---------------------------------------------------------------------------------
Finished Final Netlist Cleanup
---------------------------------------------------------------------------------
---------------------------------------------------------------------------------
Finished IO Insertion : Time (s): cpu = 00:00:47 ; elapsed = 00:03:09 . Memory (MB): peak = 1477.840 ; gain = 293.137 ; free physical = 127 ; free virtual = 5796
---------------------------------------------------------------------------------

Report Check Netlist: 
+------+------------------+-------+---------+-------+------------------+
|      |Item              |Errors |Warnings |Status |Description       |
+------+------------------+-------+---------+-------+------------------+
|1     |multi_driven_nets |      0|        0|Passed |Multi driven nets |
+------+------------------+-------+---------+-------+------------------+
---------------------------------------------------------------------------------
Start Renaming Generated Instances
---------------------------------------------------------------------------------
---------------------------------------------------------------------------------
Finished Renaming Generated Instances : Time (s): cpu = 00:00:47 ; elapsed = 00:03:09 . Memory (MB): peak = 1477.840 ; gain = 293.137 ; free physical = 127 ; free virtual = 5796
---------------------------------------------------------------------------------

Report RTL Partitions: 
+-+--------------+------------+----------+
| |RTL Partition |Replication |Instances |
+-+--------------+------------+----------+
+-+--------------+------------+----------+
---------------------------------------------------------------------------------
Start Rebuilding User Hierarchy
---------------------------------------------------------------------------------
---------------------------------------------------------------------------------
Finished Rebuilding User Hierarchy : Time (s): cpu = 00:00:47 ; elapsed = 00:03:09 . Memory (MB): peak = 1477.840 ; gain = 293.137 ; free physical = 127 ; free virtual = 5796
---------------------------------------------------------------------------------
---------------------------------------------------------------------------------
Start Renaming Generated Ports
---------------------------------------------------------------------------------
---------------------------------------------------------------------------------
Finished Renaming Generated Ports : Time (s): cpu = 00:00:47 ; elapsed = 00:03:09 . Memory (MB): peak = 1477.840 ; gain = 293.137 ; free physical = 127 ; free virtual = 5796
---------------------------------------------------------------------------------
---------------------------------------------------------------------------------
Start Handling Custom Attributes
---------------------------------------------------------------------------------
---------------------------------------------------------------------------------
Finished Handling Custom Attributes : Time (s): cpu = 00:00:47 ; elapsed = 00:03:09 . Memory (MB): peak = 1477.840 ; gain = 293.137 ; free physical = 127 ; free virtual = 5795
---------------------------------------------------------------------------------
---------------------------------------------------------------------------------
Start Renaming Generated Nets
---------------------------------------------------------------------------------
---------------------------------------------------------------------------------
Finished Renaming Generated Nets : Time (s): cpu = 00:00:47 ; elapsed = 00:03:09 . Memory (MB): peak = 1477.840 ; gain = 293.137 ; free physical = 127 ; free virtual = 5795
---------------------------------------------------------------------------------
---------------------------------------------------------------------------------
Start Writing Synthesis Report
---------------------------------------------------------------------------------

Report BlackBoxes: 
+-+--------------+----------+
| |BlackBox name |Instances |
+-+--------------+----------+
+-+--------------+----------+

Report Cell Usage: 
+-+-----+------+
| |Cell |Count |
+-+-----+------+
+-+-----+------+

Report Instance Areas: 
+------+---------+-------+------+
|      |Instance |Module |Cells |
+------+---------+-------+------+
|1     |top      |       |     0|
+------+---------+-------+------+
---------------------------------------------------------------------------------
Finished Writing Synthesis Report : Time (s): cpu = 00:00:47 ; elapsed = 00:03:09 . Memory (MB): peak = 1477.840 ; gain = 293.137 ; free physical = 126 ; free virtual = 5795
---------------------------------------------------------------------------------
Synthesis finished with 0 errors, 0 critical warnings and 1097 warnings.
Synthesis Optimization Runtime : Time (s): cpu = 00:00:47 ; elapsed = 00:03:10 . Memory (MB): peak = 1477.840 ; gain = 293.137 ; free physical = 126 ; free virtual = 5794
Synthesis Optimization Complete : Time (s): cpu = 00:00:47 ; elapsed = 00:03:10 . Memory (MB): peak = 1477.848 ; gain = 293.137 ; free physical = 135 ; free virtual = 5804
INFO: [Project 1-571] Translating synthesized netlist
INFO: [Project 1-570] Preparing netlist for logic optimization
INFO: [Opt 31-138] Pushed 0 inverter(s) to 0 load pin(s).
INFO: [Project 1-111] Unisim Transformation Summary:
No Unisim elements were transformed.

INFO: [Common 17-83] Releasing license: Synthesis
30 Infos, 172 Warnings, 0 Critical Warnings and 0 Errors encountered.
synth_design completed successfully
synth_design: Time (s): cpu = 00:00:51 ; elapsed = 00:03:16 . Memory (MB): peak = 1504.840 ; gain = 320.223 ; free physical = 168 ; free virtual = 5707
INFO: [Common 17-1381] The checkpoint '/home/hejunwen/Single_Cycle/Single_Cycle.runs/synth_1/mips.dcp' has been generated.
INFO: [runtcl-4] Executing : report_utilization -file mips_utilization_synth.rpt -pb mips_utilization_synth.pb
report_utilization: Time (s): cpu = 00:00:00.15 ; elapsed = 00:00:02 . Memory (MB): peak = 1504.840 ; gain = 0.000 ; free physical = 132 ; free virtual = 5676
INFO: [Common 17-206] Exiting Vivado at Sat Feb  9 23:10:44 2019...
